<?xml version="1.0" encoding="UTF-8"?>
<testng-results skipped="0" failed="0" ignored="0" total="1" passed="1">
  <reporter-output>
  </reporter-output>
  <suite name="Default suite" duration-ms="9395" started-at="2020-05-12T05:45:10 EDT" finished-at="2020-05-12T05:45:20 EDT">
    <groups>
    </groups>
    <test name="Default test" duration-ms="9395" started-at="2020-05-12T05:45:10 EDT" finished-at="2020-05-12T05:45:20 EDT">
      <class name="facebook.test.FacebookLoginTest">
        <test-method status="PASS" signature="beforeMethod()[pri:0, instance:facebook.test.FacebookLoginTest@7d9f158f]" name="beforeMethod" is-config="true" duration-ms="9019" started-at="2020-05-12T05:45:10 EDT" finished-at="2020-05-12T05:45:19 EDT">
          <reporter-output>
          </reporter-output>
        </test-method> <!-- beforeMethod -->
        <test-method status="PASS" signature="loginErrorMessage()[pri:0, instance:facebook.test.FacebookLoginTest@7d9f158f]" name="loginErrorMessage" duration-ms="345" started-at="2020-05-12T05:45:19 EDT" finished-at="2020-05-12T05:45:20 EDT">
          <reporter-output>
          </reporter-output>
        </test-method> <!-- loginErrorMessage -->
      </class> <!-- facebook.test.FacebookLoginTest -->
    </test> <!-- Default test -->
  </suite> <!-- Default suite -->
</testng-results>
